{"D:\\dev\\udemy\\typescript_test\\basics\\src\\app\\Utils.ts": {"path":"D:\\dev\\udemy\\typescript_test\\basics\\src\\app\\Utils.ts","statementMap":{"0":{"start":{"line":1,"column":0},"end":{"line":1,"column":48}},"1":{"start":{"line":5,"column":4},"end":{"line":7,"column":null}},"2":{"start":{"line":6,"column":6},"end":{"line":6,"column":45}},"3":{"start":{"line":8,"column":4},"end":{"line":8,"column":28}},"4":{"start":{"line":12,"column":4},"end":{"line":12,"column":29}},"5":{"start":{"line":16,"column":4},"end":{"line":16,"column":39}},"6":{"start":{"line":3,"column":0},"end":{"line":3,"column":13}}},"fnMap":{"0":{"name":"(anonymous_0)","decl":{"start":{"line":4,"column":2},"end":{"line":4,"column":8}},"loc":{"start":{"line":4,"column":29},"end":{"line":9,"column":3}}},"1":{"name":"(anonymous_1)","decl":{"start":{"line":11,"column":2},"end":{"line":11,"column":8}},"loc":{"start":{"line":11,"column":32},"end":{"line":13,"column":3}}},"2":{"name":"(anonymous_2)","decl":{"start":{"line":15,"column":2},"end":{"line":15,"column":8}},"loc":{"start":{"line":15,"column":17},"end":{"line":17,"column":3}}}},"branchMap":{"0":{"loc":{"start":{"line":5,"column":4},"end":{"line":7,"column":null}},"type":"if","locations":[{"start":{"line":5,"column":4},"end":{"line":7,"column":null}}]}},"s":{"0":1,"1":5,"2":3,"3":2,"4":1,"5":1,"6":1},"f":{"0":5,"1":1,"2":1},"b":{"0":[3]}}
}
